{"/home/anita/Node-tutorial/autocomplete/index.js":{"path":"/home/anita/Node-tutorial/autocomplete/index.js","s":{"1":1,"2":1,"3":1,"4":4,"5":1,"6":3,"7":3,"8":3,"9":3,"10":1,"11":1,"12":1,"13":99171,"14":10,"15":1,"16":1,"17":2,"18":1,"19":2,"20":1,"21":2,"22":2,"23":1},"b":{"1":[1,3],"2":[4,4],"3":[10,99161],"4":[1,1],"5":[1,1]},"f":{"1":4,"2":3,"3":1,"4":2},"fnMap":{"1":{"name":"(anonymous_1)","line":5,"loc":{"start":{"line":5,"column":12},"end":{"line":5,"column":32}}},"2":{"name":"(anonymous_2)","line":10,"loc":{"start":{"line":10,"column":31},"end":{"line":10,"column":52}}},"3":{"name":"(anonymous_3)","line":18,"loc":{"start":{"line":18,"column":15},"end":{"line":18,"column":41}}},"4":{"name":"(anonymous_4)","line":29,"loc":{"start":{"line":29,"column":11},"end":{"line":29,"column":37}}}},"statementMap":{"1":{"start":{"line":1,"column":0},"end":{"line":1,"column":23}},"2":{"start":{"line":2,"column":0},"end":{"line":2,"column":12}},"3":{"start":{"line":5,"column":0},"end":{"line":16,"column":1}},"4":{"start":{"line":6,"column":1},"end":{"line":8,"column":2}},"5":{"start":{"line":7,"column":2},"end":{"line":7,"column":60}},"6":{"start":{"line":9,"column":1},"end":{"line":9,"column":41}},"7":{"start":{"line":10,"column":1},"end":{"line":15,"column":4}},"8":{"start":{"line":11,"column":2},"end":{"line":11,"column":30}},"9":{"start":{"line":12,"column":2},"end":{"line":12,"column":33}},"10":{"start":{"line":18,"column":0},"end":{"line":27,"column":1}},"11":{"start":{"line":19,"column":1},"end":{"line":19,"column":16}},"12":{"start":{"line":21,"column":1},"end":{"line":25,"column":5}},"13":{"start":{"line":22,"column":8},"end":{"line":24,"column":9}},"14":{"start":{"line":23,"column":9},"end":{"line":23,"column":33}},"15":{"start":{"line":26,"column":1},"end":{"line":26,"column":30}},"16":{"start":{"line":29,"column":0},"end":{"line":38,"column":1}},"17":{"start":{"line":30,"column":1},"end":{"line":32,"column":2}},"18":{"start":{"line":31,"column":2},"end":{"line":31,"column":19}},"19":{"start":{"line":33,"column":1},"end":{"line":35,"column":2}},"20":{"start":{"line":34,"column":2},"end":{"line":34,"column":25}},"21":{"start":{"line":36,"column":1},"end":{"line":36,"column":46}},"22":{"start":{"line":37,"column":1},"end":{"line":37,"column":29}},"23":{"start":{"line":41,"column":0},"end":{"line":41,"column":20}}},"branchMap":{"1":{"line":6,"type":"if","locations":[{"start":{"line":6,"column":1},"end":{"line":6,"column":1}},{"start":{"line":6,"column":1},"end":{"line":6,"column":1}}]},"2":{"line":6,"type":"binary-expr","locations":[{"start":{"line":6,"column":5},"end":{"line":6,"column":14}},{"start":{"line":6,"column":18},"end":{"line":6,"column":48}}]},"3":{"line":22,"type":"if","locations":[{"start":{"line":22,"column":8},"end":{"line":22,"column":8}},{"start":{"line":22,"column":8},"end":{"line":22,"column":8}}]},"4":{"line":30,"type":"if","locations":[{"start":{"line":30,"column":1},"end":{"line":30,"column":1}},{"start":{"line":30,"column":1},"end":{"line":30,"column":1}}]},"5":{"line":33,"type":"if","locations":[{"start":{"line":33,"column":1},"end":{"line":33,"column":1}},{"start":{"line":33,"column":1},"end":{"line":33,"column":1}}]}}}}